<?xml version="1.0" encoding="UTF-8"?>
<testng-results ignored="0" total="2" passed="2" failed="0" skipped="0">
  <reporter-output>
  </reporter-output>
  <suite started-at="2022-02-23T11:08:13 IST" name="seleniumMaven.firstProjectTest" finished-at="2022-02-23T11:08:13 IST" duration-ms="30">
    <groups>
    </groups>
    <test started-at="2022-02-23T11:08:13 IST" name="Command line test" finished-at="2022-02-23T11:08:13 IST" duration-ms="30">
      <class name="seleniumMaven.firstProjectTest">
        <test-method signature="testLogin1()[pri:0, instance:seleniumMaven.firstProjectTest@7a36aefa]" started-at="2022-02-23T11:08:13 IST" name="testLogin1" finished-at="2022-02-23T11:08:13 IST" duration-ms="5" status="PASS">
          <reporter-output>
          </reporter-output>
        </test-method> <!-- testLogin1 -->
        <test-method signature="testLogin2()[pri:0, instance:seleniumMaven.firstProjectTest@7a36aefa]" started-at="2022-02-23T11:08:13 IST" name="testLogin2" finished-at="2022-02-23T11:08:13 IST" duration-ms="0" status="PASS">
          <reporter-output>
          </reporter-output>
        </test-method> <!-- testLogin2 -->
      </class> <!-- seleniumMaven.firstProjectTest -->
    </test> <!-- Command line test -->
  </suite> <!-- seleniumMaven.firstProjectTest -->
</testng-results>
