<?xml version="1.0" encoding="UTF-8"?>
<testng-results ignored="0" total="1" passed="1" failed="0" skipped="0">
  <reporter-output>
  </reporter-output>
  <suite started-at="2022-02-23T20:59:48 IST" name="Default suite" finished-at="2022-02-23T21:00:37 IST" duration-ms="49563">
    <groups>
    </groups>
    <test started-at="2022-02-23T20:59:48 IST" name="Default test" finished-at="2022-02-23T21:00:37 IST" duration-ms="49563">
      <class name="seleniumMaven.TC_Login">
        <test-method signature="loginTest()[pri:0, instance:seleniumMaven.TC_Login@1fa268de]" started-at="2022-02-23T20:59:48 IST" name="loginTest" finished-at="2022-02-23T21:00:37 IST" duration-ms="49396" status="PASS">
          <reporter-output>
          </reporter-output>
        </test-method> <!-- loginTest -->
      </class> <!-- seleniumMaven.TC_Login -->
    </test> <!-- Default test -->
  </suite> <!-- Default suite -->
</testng-results>
